#
# There is insufficient memory for the Java Runtime Environment to continue.
# Native memory allocation (malloc) failed to allocate 682256 bytes for Chunk::new
# Possible reasons:
#   The system is out of physical RAM or swap space
#   The process is running with CompressedOops enabled, and the Java Heap may be blocking the growth of the native heap
# Possible solutions:
#   Reduce memory load on the system
#   Increase physical memory or swap space
#   Check if swap backing store is full
#   Decrease Java heap size (-Xmx/-Xms)
#   Decrease number of Java threads
#   Decrease Java thread stack sizes (-Xss)
#   Set larger code cache with -XX:ReservedCodeCacheSize=
#   JVM is running with Zero Based Compressed Oops mode in which the Java heap is
#     placed in the first 32GB address space. The Java Heap base address is the
#     maximum limit for the native heap growth. Please use -XX:HeapBaseMinAddress
#     to set the Java Heap base and to place the Java Heap above 32GB virtual address.
# This output file may be truncated or incomplete.
#
#  Out of Memory Error (arena.cpp:189), pid=25100, tid=22504
#
# JRE version: Java(TM) SE Runtime Environment (17.0.6+9) (build 17.0.6+9-LTS-190)
# Java VM: Java HotSpot(TM) 64-Bit Server VM (17.0.6+9-LTS-190, mixed mode, sharing, tiered, compressed oops, compressed class ptrs, g1 gc, windows-amd64)
# No core dump will be written. Minidumps are not enabled by default on client versions of Windows
#

---------------  S U M M A R Y ------------

Command Line: -javaagent:C:\Program Files\JetBrains\IntelliJ IDEA Community Edition 2024.1.1\lib\idea_rt.jar=60758:C:\Program Files\JetBrains\IntelliJ IDEA Community Edition 2024.1.1\bin -Dfile.encoding=UTF-8 com.cineflicks.discoveryserver.DiscoveryServerApplication

Host: Intel(R) Core(TM) i5-6300U CPU @ 2.40GHz, 4 cores, 15G,  Windows 10 , 64 bit Build 19041 (10.0.19041.5072)
Time: Thu Nov 28 01:00:07 2024 Europe de l , 64 bit Build 19041 (10.0.19041.5072) elapsed time: 33.512850 seconds (0d 0h 0m 33s)

---------------  T H R E A D  ---------------

Current thread (0x0000020571ff5c50):  JavaThread "C2 CompilerThread0" daemon [_thread_in_native, id=22504, stack(0x000000a57ec00000,0x000000a57ed00000)]


Current CompileTask:
C2:  33513 5182       4       java.lang.Class::annotationData (44 bytes)

Stack: [0x000000a57ec00000,0x000000a57ed00000]
Native frames: (J=compiled Java code, j=interpreted, Vv=VM code, C=native code)
V  [jvm.dll+0x6734ea]
V  [jvm.dll+0x7d18f4]
V  [jvm.dll+0x7d309e]
V  [jvm.dll+0x7d3703]
V  [jvm.dll+0x2433c5]
V  [jvm.dll+0xaa46b]
V  [jvm.dll+0xaaa0c]
V  [jvm.dll+0x2a8b1f]
V  [jvm.dll+0x57bf85]
V  [jvm.dll+0x21e142]
V  [jvm.dll+0x2178ef]
V  [jvm.dll+0x215109]
V  [jvm.dll+0x1a1730]
V  [jvm.dll+0x224b6e]
V  [jvm.dll+0x222f15]
V  [jvm.dll+0x78753c]
V  [jvm.dll+0x781a7a]
V  [jvm.dll+0x672375]
C  [ucrtbase.dll+0x21bb2]
C  [KERNEL32.DLL+0x17374]
C  [ntdll.dll+0x4cc91]


---------------  P R O C E S S  ---------------

Threads class SMR info:
_java_thread_list=0x0000020574127ac0, length=14, elements={
0x000002054fbbf710, 0x0000020571fdfc00, 0x0000020571fe0720, 0x0000020571ff0fa0,
0x0000020571ff1b50, 0x0000020571ff4510, 0x0000020571ff4ec0, 0x0000020571ff5c50,
0x0000020571ff66f0, 0x0000020572001100, 0x0000020572ceaa60, 0x0000020573267290,
0x0000020572edec50, 0x000002057440c020
}

Java Threads: ( => current thread )
  0x000002054fbbf710 JavaThread "main" [_thread_in_vm, id=1924, stack(0x000000a57df00000,0x000000a57e000000)]
  0x0000020571fdfc00 JavaThread "Reference Handler" daemon [_thread_blocked, id=28040, stack(0x000000a57e600000,0x000000a57e700000)]
  0x0000020571fe0720 JavaThread "Finalizer" daemon [_thread_blocked, id=23968, stack(0x000000a57e700000,0x000000a57e800000)]
  0x0000020571ff0fa0 JavaThread "Signal Dispatcher" daemon [_thread_blocked, id=19276, stack(0x000000a57e800000,0x000000a57e900000)]
  0x0000020571ff1b50 JavaThread "Attach Listener" daemon [_thread_blocked, id=13192, stack(0x000000a57e900000,0x000000a57ea00000)]
  0x0000020571ff4510 JavaThread "Service Thread" daemon [_thread_blocked, id=26468, stack(0x000000a57ea00000,0x000000a57eb00000)]
  0x0000020571ff4ec0 JavaThread "Monitor Deflation Thread" daemon [_thread_blocked, id=11860, stack(0x000000a57eb00000,0x000000a57ec00000)]
=>0x0000020571ff5c50 JavaThread "C2 CompilerThread0" daemon [_thread_in_native, id=22504, stack(0x000000a57ec00000,0x000000a57ed00000)]
  0x0000020571ff66f0 JavaThread "C1 CompilerThread0" daemon [_thread_blocked, id=15604, stack(0x000000a57ed00000,0x000000a57ee00000)]
  0x0000020572001100 JavaThread "Sweeper thread" daemon [_thread_blocked, id=25688, stack(0x000000a57ee00000,0x000000a57ef00000)]
  0x0000020572ceaa60 JavaThread "Common-Cleaner" daemon [_thread_blocked, id=6876, stack(0x000000a57ef00000,0x000000a57f000000)]
  0x0000020573267290 JavaThread "Monitor Ctrl-Break" daemon [_thread_in_native, id=7652, stack(0x000000a57f100000,0x000000a57f200000)]
  0x0000020572edec50 JavaThread "Notification Thread" daemon [_thread_blocked, id=20512, stack(0x000000a57f200000,0x000000a57f300000)]
  0x000002057440c020 JavaThread "Keep-Alive-Timer" daemon [_thread_blocked, id=7696, stack(0x000000a57f700000,0x000000a57f800000)]

Other Threads:
  0x0000020572c42010 VMThread "VM Thread" [stack: 0x000000a57e500000,0x000000a57e600000] [id=9272]
  0x0000020572edfdb0 WatcherThread [stack: 0x000000a57f300000,0x000000a57f400000] [id=11616]
  0x000002054fc28b70 GCTaskThread "GC Thread#0" [stack: 0x000000a57e000000,0x000000a57e100000] [id=23676]
  0x0000020573421ed0 GCTaskThread "GC Thread#1" [stack: 0x000000a57f400000,0x000000a57f500000] [id=28392]
  0x0000020573422180 GCTaskThread "GC Thread#2" [stack: 0x000000a57f500000,0x000000a57f600000] [id=25144]
  0x0000020573422430 GCTaskThread "GC Thread#3" [stack: 0x000000a57f600000,0x000000a57f700000] [id=23124]
  0x000002054fc3a880 ConcurrentGCThread "G1 Main Marker" [stack: 0x000000a57e100000,0x000000a57e200000] [id=7328]
  0x000002054fc3c2a0 ConcurrentGCThread "G1 Conc#0" [stack: 0x000000a57e200000,0x000000a57e300000] [id=22044]
  0x000002054fc7d2a0 ConcurrentGCThread "G1 Refine#0" [stack: 0x000000a57e300000,0x000000a57e400000] [id=7412]
  0x000002054fc7dcc0 ConcurrentGCThread "G1 Service" [stack: 0x000000a57e400000,0x000000a57e500000] [id=9332]

Threads with active compile tasks:
C2 CompilerThread0    33582 5182       4       java.lang.Class::annotationData (44 bytes)

VM state: not at safepoint (normal execution)

VM Mutex/Monitor currently owned by a thread: None

Heap address: 0x0000000702400000, size: 4060 MB, Compressed Oops mode: Zero based, Oop shift amount: 3

CDS archive(s) mapped at: [0x0000000800000000-0x0000000800bd0000-0x0000000800bd0000), size 12386304, SharedBaseAddress: 0x0000000800000000, ArchiveRelocationMode: 0.
Compressed class space mapped at: 0x0000000800c00000-0x0000000840c00000, reserved size: 1073741824
Narrow klass base: 0x0000000800000000, Narrow klass shift: 0, Narrow klass range: 0x100000000

GC Precious Log:
 CPUs: 4 total, 4 available
 Memory: 16239M
 Large Page Support: Disabled
 NUMA Support: Disabled
 Compressed Oops: Enabled (Zero based)
 Heap Region Size: 2M
 Heap Min Capacity: 8M
 Heap Initial Capacity: 254M
 Heap Max Capacity: 4060M
 Pre-touch: Disabled
 Parallel Workers: 4
 Concurrent Workers: 1
 Concurrent Refinement Workers: 4
 Periodic GC: Disabled

Heap:
 garbage-first heap   total 55296K, used 38753K [0x0000000702400000, 0x0000000800000000)
  region size 2048K, 11 young (22528K), 2 survivors (4096K)
 Metaspace       used 42200K, committed 42688K, reserved 1089536K
  class space    used 5513K, committed 5760K, reserved 1048576K

Heap Regions: E=young(eden), S=young(survivor), O=old, HS=humongous(starts), HC=humongous(continues), CS=collection set, F=free, OA=open archive, CA=closed archive, TAMS=top-at-mark-start (previous, next)
|   0|0x0000000702400000, 0x0000000702600000, 0x0000000702600000|100%| O|  |TAMS 0x0000000702600000, 0x0000000702400000| Untracked 
|   1|0x0000000702600000, 0x0000000702800000, 0x0000000702800000|100%| O|  |TAMS 0x0000000702800000, 0x0000000702600000| Untracked 
|   2|0x0000000702800000, 0x00000007029dca00, 0x0000000702a00000| 93%| O|  |TAMS 0x00000007029dca00, 0x0000000702800000| Untracked 
|   3|0x0000000702a00000, 0x0000000702c00000, 0x0000000702c00000|100%| O|  |TAMS 0x0000000702b84c00, 0x0000000702a00000| Untracked 
|   4|0x0000000702c00000, 0x0000000702d31200, 0x0000000702e00000| 59%| O|  |TAMS 0x0000000702c00000, 0x0000000702c00000| Untracked 
|   5|0x0000000702e00000, 0x0000000702e00000, 0x0000000703000000|  0%| F|  |TAMS 0x0000000702e00000, 0x0000000702e00000| Untracked 
|   6|0x0000000703000000, 0x0000000703000000, 0x0000000703200000|  0%| F|  |TAMS 0x0000000703000000, 0x0000000703000000| Untracked 
|   7|0x0000000703200000, 0x0000000703200000, 0x0000000703400000|  0%| F|  |TAMS 0x0000000703200000, 0x0000000703200000| Untracked 
|   8|0x0000000703400000, 0x00000007035ffff8, 0x0000000703600000| 99%| O|  |TAMS 0x00000007035ffff8, 0x0000000703400000| Untracked 
|   9|0x0000000703600000, 0x0000000703800000, 0x0000000703800000|100%| O|  |TAMS 0x0000000703800000, 0x0000000703600000| Untracked 
|  10|0x0000000703800000, 0x0000000703a00000, 0x0000000703a00000|100%| O|  |TAMS 0x0000000703a00000, 0x0000000703800000| Untracked 
|  11|0x0000000703a00000, 0x0000000703c00000, 0x0000000703c00000|100%| O|  |TAMS 0x0000000703c00000, 0x0000000703a00000| Untracked 
|  12|0x0000000703c00000, 0x0000000703e00000, 0x0000000703e00000|100%| O|  |TAMS 0x0000000703e00000, 0x0000000703c00000| Untracked 
|  13|0x0000000703e00000, 0x0000000703e00000, 0x0000000704000000|  0%| F|  |TAMS 0x0000000703e00000, 0x0000000703e00000| Untracked 
|  14|0x0000000704000000, 0x00000007040caa30, 0x0000000704200000| 39%| S|CS|TAMS 0x0000000704000000, 0x0000000704000000| Complete 
|  15|0x0000000704200000, 0x0000000704400000, 0x0000000704400000|100%| S|CS|TAMS 0x0000000704200000, 0x0000000704200000| Complete 
|  16|0x0000000704400000, 0x0000000704400000, 0x0000000704600000|  0%| F|  |TAMS 0x0000000704400000, 0x0000000704400000| Untracked 
|  17|0x0000000704600000, 0x0000000704600000, 0x0000000704800000|  0%| F|  |TAMS 0x0000000704600000, 0x0000000704600000| Untracked 
|  18|0x0000000704800000, 0x00000007048581d0, 0x0000000704a00000| 17%| E|  |TAMS 0x0000000704800000, 0x0000000704800000| Complete 
|  19|0x0000000704a00000, 0x0000000704c00000, 0x0000000704c00000|100%| E|CS|TAMS 0x0000000704a00000, 0x0000000704a00000| Complete 
|  20|0x0000000704c00000, 0x0000000704e00000, 0x0000000704e00000|100%| E|CS|TAMS 0x0000000704c00000, 0x0000000704c00000| Complete 
|  21|0x0000000704e00000, 0x0000000705000000, 0x0000000705000000|100%| E|CS|TAMS 0x0000000704e00000, 0x0000000704e00000| Complete 
|  94|0x000000070e000000, 0x000000070e200000, 0x000000070e200000|100%| E|CS|TAMS 0x000000070e000000, 0x000000070e000000| Complete 
|  95|0x000000070e200000, 0x000000070e400000, 0x000000070e400000|100%| E|CS|TAMS 0x000000070e200000, 0x000000070e200000| Complete 
|  96|0x000000070e400000, 0x000000070e600000, 0x000000070e600000|100%| E|CS|TAMS 0x000000070e400000, 0x000000070e400000| Complete 
|  97|0x000000070e600000, 0x000000070e800000, 0x000000070e800000|100%| E|CS|TAMS 0x000000070e600000, 0x000000070e600000| Complete 
| 126|0x0000000712000000, 0x0000000712200000, 0x0000000712200000|100%| E|CS|TAMS 0x0000000712000000, 0x0000000712000000| Complete 

Card table byte_map: [0x0000020566c20000,0x0000020567410000] _byte_map_base: 0x000002056340e000

Marking Bits (Prev, Next): (CMBitMap*) 0x000002054fc2a190, (CMBitMap*) 0x000002054fc2a1d0
 Prev Bits: [0x0000020567c00000, 0x000002056bb70000)
 Next Bits: [0x000002056bb70000, 0x000002056fae0000)

Polling page: 0x000002054db40000

Metaspace:

Usage:
  Non-class:     35.83 MB used.
      Class:      5.38 MB used.
       Both:     41.21 MB used.

Virtual space:
  Non-class space:       40.00 MB reserved,      36.06 MB ( 90%) committed,  5 nodes.
      Class space:        1.00 GB reserved,       5.62 MB ( <1%) committed,  1 nodes.
             Both:        1.04 GB reserved,      41.69 MB (  4%) committed. 

Chunk freelists:
   Non-Class:  3.44 MB
       Class:  2.34 MB
        Both:  5.78 MB

MaxMetaspaceSize: unlimited
CompressedClassSpaceSize: 1.00 GB
Initial GC threshold: 21.00 MB
Current GC threshold: 59.31 MB
CDS: on
MetaspaceReclaimPolicy: balanced
 - commit_granule_bytes: 65536.
 - commit_granule_words: 8192.
 - virtual_space_node_default_size: 1048576.
 - enlarge_chunks_in_place: 1.
 - new_chunks_are_fully_committed: 0.
 - uncommit_free_chunks: 1.
 - use_allocation_guard: 0.
 - handle_deallocations: 1.


Internal statistics:

num_allocs_failed_limit: 6.
num_arena_births: 630.
num_arena_deaths: 0.
num_vsnodes_births: 6.
num_vsnodes_deaths: 0.
num_space_committed: 667.
num_space_uncommitted: 0.
num_chunks_returned_to_freelist: 6.
num_chunks_taken_from_freelist: 2221.
num_chunk_merges: 6.
num_chunk_splits: 1511.
num_chunks_enlarged: 1114.
num_purges: 0.
num_inconsistent_stats: 0.

CodeHeap 'non-profiled nmethods': size=120000Kb used=3529Kb max_used=3529Kb free=116471Kb
 bounds [0x000002055ef00000, 0x000002055f280000, 0x0000020566430000]
CodeHeap 'profiled nmethods': size=120000Kb used=9586Kb max_used=9774Kb free=110413Kb
 bounds [0x0000020557430000, 0x0000020557dc0000, 0x000002055e960000]
CodeHeap 'non-nmethods': size=5760Kb used=1259Kb max_used=1392Kb free=4500Kb
 bounds [0x000002055e960000, 0x000002055ebd0000, 0x000002055ef00000]
 total_blobs=5101 nmethods=4529 adapters=484
 compilation: enabled
              stopped_count=0, restarted_count=0
 full_count=0

Compilation events (20 events):
Event: 33.452 Thread 0x0000020571ff66f0 5206       1       org.glassfish.jersey.server.model.ResourceMethod$Data::getType (5 bytes)
Event: 33.452 Thread 0x0000020571ff66f0 nmethod 5206 0x000002055f270f10 code [0x000002055f2710a0, 0x000002055f271178]
Event: 33.452 Thread 0x0000020571ff66f0 5207       3       org.glassfish.jersey.server.internal.inject.AbstractValueParamProvider::getValueProvider (24 bytes)
Event: 33.452 Thread 0x0000020571ff66f0 nmethod 5207 0x0000020557438390 code [0x0000020557438560, 0x0000020557438918]
Event: 33.452 Thread 0x0000020571ff66f0 5208       1       org.glassfish.jersey.server.model.Invocable::getHandlingMethod (5 bytes)
Event: 33.452 Thread 0x0000020571ff66f0 nmethod 5208 0x000002055f271210 code [0x000002055f2713a0, 0x000002055f271478]
Event: 33.453 Thread 0x0000020571ff66f0 5209       3       org.glassfish.jersey.server.internal.inject.AsyncResponseValueParamProvider::getPriority (4 bytes)
Event: 33.453 Thread 0x0000020571ff66f0 nmethod 5209 0x0000020557d3b610 code [0x0000020557d3b7a0, 0x0000020557d3b8b8]
Event: 33.460 Thread 0x0000020571ff66f0 5210       1       jakarta.ws.rs.core.MediaType::getType (5 bytes)
Event: 33.460 Thread 0x0000020571ff66f0 nmethod 5210 0x000002055f271510 code [0x000002055f2716a0, 0x000002055f271778]
Event: 33.460 Thread 0x0000020571ff66f0 5211       1       org.glassfish.jersey.server.model.ResourceMethod$Data::getHttpMethod (5 bytes)
Event: 33.460 Thread 0x0000020571ff66f0 nmethod 5211 0x000002055f271810 code [0x000002055f2719a0, 0x000002055f271a78]
Event: 33.460 Thread 0x0000020571ff66f0 5212       3       org.glassfish.jersey.server.model.ResourceMethod::getHttpMethod (8 bytes)
Event: 33.460 Thread 0x0000020571ff66f0 nmethod 5212 0x0000020557d3b290 code [0x0000020557d3b420, 0x0000020557d3b558]
Event: 33.461 Thread 0x0000020571ff66f0 5213       1       org.glassfish.jersey.server.model.ResourceMethod$Data::getConsumedTypes (5 bytes)
Event: 33.461 Thread 0x0000020571ff66f0 nmethod 5213 0x000002055f271b10 code [0x000002055f271ca0, 0x000002055f271d78]
Event: 33.461 Thread 0x0000020571ff66f0 5214       1       org.glassfish.jersey.server.model.ResourceMethod$Data::getProducedTypes (5 bytes)
Event: 33.461 Thread 0x0000020571ff66f0 nmethod 5214 0x000002055f271e10 code [0x000002055f271fa0, 0x000002055f272078]
Event: 33.461 Thread 0x0000020571ff66f0 5215       1       jakarta.ws.rs.core.MediaType::getSubtype (5 bytes)
Event: 33.461 Thread 0x0000020571ff66f0 nmethod 5215 0x000002055f272110 code [0x000002055f2722a0, 0x000002055f272378]

GC Heap History (20 events):
Event: 1.578 GC heap before
{Heap before GC invocations=1 (full 0):
 garbage-first heap   total 260096K, used 14170K [0x0000000702400000, 0x0000000800000000)
  region size 2048K, 6 young (12288K), 1 survivors (2048K)
 Metaspace       used 4870K, committed 5120K, reserved 1056768K
  class space    used 533K, committed 640K, reserved 1048576K
}
Event: 1.582 GC heap after
{Heap after GC invocations=2 (full 0):
 garbage-first heap   total 260096K, used 7521K [0x0000000702400000, 0x0000000800000000)
  region size 2048K, 1 young (2048K), 1 survivors (2048K)
 Metaspace       used 4870K, committed 5120K, reserved 1056768K
  class space    used 533K, committed 640K, reserved 1048576K
}
Event: 3.324 GC heap before
{Heap before GC invocations=2 (full 0):
 garbage-first heap   total 260096K, used 28001K [0x0000000702400000, 0x0000000800000000)
  region size 2048K, 11 young (22528K), 1 survivors (2048K)
 Metaspace       used 9658K, committed 9856K, reserved 1064960K
  class space    used 1179K, committed 1280K, reserved 1048576K
}
Event: 3.329 GC heap after
{Heap after GC invocations=3 (full 0):
 garbage-first heap   total 260096K, used 8981K [0x0000000702400000, 0x0000000800000000)
  region size 2048K, 2 young (4096K), 2 survivors (4096K)
 Metaspace       used 9658K, committed 9856K, reserved 1064960K
  class space    used 1179K, committed 1280K, reserved 1048576K
}
Event: 9.805 GC heap before
{Heap before GC invocations=3 (full 0):
 garbage-first heap   total 260096K, used 62229K [0x0000000702400000, 0x0000000800000000)
  region size 2048K, 29 young (59392K), 2 survivors (4096K)
 Metaspace       used 21284K, committed 21568K, reserved 1073152K
  class space    used 2642K, committed 2816K, reserved 1048576K
}
Event: 9.817 GC heap after
{Heap after GC invocations=4 (full 0):
 garbage-first heap   total 260096K, used 13008K [0x0000000702400000, 0x0000000800000000)
  region size 2048K, 4 young (8192K), 4 survivors (8192K)
 Metaspace       used 21284K, committed 21568K, reserved 1073152K
  class space    used 2642K, committed 2816K, reserved 1048576K
}
Event: 11.802 GC heap before
{Heap before GC invocations=5 (full 0):
 garbage-first heap   total 55296K, used 41680K [0x0000000702400000, 0x0000000800000000)
  region size 2048K, 19 young (38912K), 4 survivors (8192K)
 Metaspace       used 23336K, committed 23680K, reserved 1073152K
  class space    used 2851K, committed 3008K, reserved 1048576K
}
Event: 11.819 GC heap after
{Heap after GC invocations=6 (full 0):
 garbage-first heap   total 55296K, used 15666K [0x0000000702400000, 0x0000000800000000)
  region size 2048K, 5 young (10240K), 5 survivors (10240K)
 Metaspace       used 23336K, committed 23680K, reserved 1073152K
  class space    used 2851K, committed 3008K, reserved 1048576K
}
Event: 13.049 GC heap before
{Heap before GC invocations=6 (full 0):
 garbage-first heap   total 55296K, used 36146K [0x0000000702400000, 0x0000000800000000)
  region size 2048K, 15 young (30720K), 5 survivors (10240K)
 Metaspace       used 25731K, committed 26048K, reserved 1073152K
  class space    used 3205K, committed 3392K, reserved 1048576K
}
Event: 13.070 GC heap after
{Heap after GC invocations=7 (full 0):
 garbage-first heap   total 55296K, used 16011K [0x0000000702400000, 0x0000000800000000)
  region size 2048K, 1 young (2048K), 1 survivors (2048K)
 Metaspace       used 25731K, committed 26048K, reserved 1073152K
  class space    used 3205K, committed 3392K, reserved 1048576K
}
Event: 16.996 GC heap before
{Heap before GC invocations=7 (full 0):
 garbage-first heap   total 55296K, used 36491K [0x0000000702400000, 0x0000000800000000)
  region size 2048K, 11 young (22528K), 1 survivors (2048K)
 Metaspace       used 29413K, committed 29760K, reserved 1081344K
  class space    used 3738K, committed 3904K, reserved 1048576K
}
Event: 17.007 GC heap after
{Heap after GC invocations=8 (full 0):
 garbage-first heap   total 55296K, used 17985K [0x0000000702400000, 0x0000000800000000)
  region size 2048K, 2 young (4096K), 2 survivors (4096K)
 Metaspace       used 29413K, committed 29760K, reserved 1081344K
  class space    used 3738K, committed 3904K, reserved 1048576K
}
Event: 19.969 GC heap before
{Heap before GC invocations=8 (full 0):
 garbage-first heap   total 55296K, used 36417K [0x0000000702400000, 0x0000000800000000)
  region size 2048K, 12 young (24576K), 2 survivors (4096K)
 Metaspace       used 32773K, committed 33216K, reserved 1081344K
  class space    used 4138K, committed 4352K, reserved 1048576K
}
Event: 19.987 GC heap after
{Heap after GC invocations=9 (full 0):
 garbage-first heap   total 55296K, used 19461K [0x0000000702400000, 0x0000000800000000)
  region size 2048K, 2 young (4096K), 2 survivors (4096K)
 Metaspace       used 32773K, committed 33216K, reserved 1081344K
  class space    used 4138K, committed 4352K, reserved 1048576K
}
Event: 22.407 GC heap before
{Heap before GC invocations=9 (full 0):
 garbage-first heap   total 55296K, used 39941K [0x0000000702400000, 0x0000000800000000)
  region size 2048K, 12 young (24576K), 2 survivors (4096K)
 Metaspace       used 33691K, committed 34176K, reserved 1081344K
  class space    used 4268K, committed 4480K, reserved 1048576K
}
Event: 22.419 GC heap after
{Heap after GC invocations=10 (full 0):
 garbage-first heap   total 55296K, used 20176K [0x0000000702400000, 0x0000000800000000)
  region size 2048K, 2 young (4096K), 2 survivors (4096K)
 Metaspace       used 33691K, committed 34176K, reserved 1081344K
  class space    used 4268K, committed 4480K, reserved 1048576K
}
Event: 24.629 GC heap before
{Heap before GC invocations=10 (full 0):
 garbage-first heap   total 55296K, used 28368K [0x0000000702400000, 0x0000000800000000)
  region size 2048K, 8 young (16384K), 2 survivors (4096K)
 Metaspace       used 35765K, committed 36288K, reserved 1081344K
  class space    used 4577K, committed 4864K, reserved 1048576K
}
Event: 24.639 GC heap after
{Heap after GC invocations=11 (full 0):
 garbage-first heap   total 55296K, used 21196K [0x0000000702400000, 0x0000000800000000)
  region size 2048K, 1 young (2048K), 1 survivors (2048K)
 Metaspace       used 35765K, committed 36288K, reserved 1081344K
  class space    used 4577K, committed 4864K, reserved 1048576K
}
Event: 29.364 GC heap before
{Heap before GC invocations=12 (full 0):
 garbage-first heap   total 55296K, used 41676K [0x0000000702400000, 0x0000000800000000)
  region size 2048K, 11 young (22528K), 1 survivors (2048K)
 Metaspace       used 39747K, committed 40256K, reserved 1089536K
  class space    used 5187K, committed 5440K, reserved 1048576K
}
Event: 29.375 GC heap after
{Heap after GC invocations=13 (full 0):
 garbage-first heap   total 55296K, used 22369K [0x0000000702400000, 0x0000000800000000)
  region size 2048K, 2 young (4096K), 2 survivors (4096K)
 Metaspace       used 39747K, committed 40256K, reserved 1089536K
  class space    used 5187K, committed 5440K, reserved 1048576K
}

Deoptimization events (20 events):
Event: 33.143 Thread 0x000002054fbbf710 Uncommon trap: trap_request=0xffffffde fr.pc=0x000002055f0711ac relative=0x000000000000150c
Event: 33.143 Thread 0x000002054fbbf710 Uncommon trap: reason=class_check action=maybe_recompile pc=0x000002055f0711ac method=java.util.concurrent.ConcurrentHashMap.putVal(Ljava/lang/Object;Ljava/lang/Object;Z)Ljava/lang/Object; @ 159 c2
Event: 33.143 Thread 0x000002054fbbf710 DEOPT PACKING pc=0x000002055f0711ac sp=0x000000a57dffc7f0
Event: 33.143 Thread 0x000002054fbbf710 DEOPT UNPACKING pc=0x000002055e9b23a3 sp=0x000000a57dffc780 mode 2
Event: 33.224 Thread 0x000002054fbbf710 Uncommon trap: trap_request=0xffffffde fr.pc=0x000002055f071214 relative=0x0000000000001574
Event: 33.224 Thread 0x000002054fbbf710 Uncommon trap: reason=class_check action=maybe_recompile pc=0x000002055f071214 method=java.util.concurrent.ConcurrentHashMap.putVal(Ljava/lang/Object;Ljava/lang/Object;Z)Ljava/lang/Object; @ 242 c2
Event: 33.224 Thread 0x000002054fbbf710 DEOPT PACKING pc=0x000002055f071214 sp=0x000000a57dffcfd0
Event: 33.224 Thread 0x000002054fbbf710 DEOPT UNPACKING pc=0x000002055e9b23a3 sp=0x000000a57dffcf50 mode 2
Event: 33.225 Thread 0x000002054fbbf710 Uncommon trap: trap_request=0xffffffde fr.pc=0x000002055f0711ac relative=0x000000000000150c
Event: 33.225 Thread 0x000002054fbbf710 Uncommon trap: reason=class_check action=maybe_recompile pc=0x000002055f0711ac method=java.util.concurrent.ConcurrentHashMap.putVal(Ljava/lang/Object;Ljava/lang/Object;Z)Ljava/lang/Object; @ 159 c2
Event: 33.225 Thread 0x000002054fbbf710 DEOPT PACKING pc=0x000002055f0711ac sp=0x000000a57dffc7f0
Event: 33.225 Thread 0x000002054fbbf710 DEOPT UNPACKING pc=0x000002055e9b23a3 sp=0x000000a57dffc780 mode 2
Event: 33.420 Thread 0x000002054fbbf710 Uncommon trap: trap_request=0xffffff45 fr.pc=0x000002055f163734 relative=0x0000000000000314
Event: 33.420 Thread 0x000002054fbbf710 Uncommon trap: reason=unstable_if action=reinterpret pc=0x000002055f163734 method=java.util.ArrayList.indexOfRange(Ljava/lang/Object;II)I @ 7 c2
Event: 33.420 Thread 0x000002054fbbf710 DEOPT PACKING pc=0x000002055f163734 sp=0x000000a57dffd040
Event: 33.420 Thread 0x000002054fbbf710 DEOPT UNPACKING pc=0x000002055e9b23a3 sp=0x000000a57dffcfd0 mode 2
Event: 33.420 Thread 0x000002054fbbf710 Uncommon trap: trap_request=0xffffff45 fr.pc=0x000002055ef3e7a4 relative=0x0000000000000e04
Event: 33.420 Thread 0x000002054fbbf710 Uncommon trap: reason=unstable_if action=reinterpret pc=0x000002055ef3e7a4 method=sun.reflect.annotation.AnnotationInvocationHandler.invoke(Ljava/lang/Object;Ljava/lang/reflect/Method;[Ljava/lang/Object;)Ljava/lang/Object; @ 64 c2
Event: 33.420 Thread 0x000002054fbbf710 DEOPT PACKING pc=0x000002055ef3e7a4 sp=0x000000a57dffd060
Event: 33.420 Thread 0x000002054fbbf710 DEOPT UNPACKING pc=0x000002055e9b23a3 sp=0x000000a57dffd030 mode 2

Classes unloaded (0 events):
No events

Classes redefined (0 events):
No events

Internal exceptions (20 events):
Event: 16.284 Thread 0x000002054fbbf710 Exception <a 'java/lang/NoSuchMethodError'{0x00000007046cf1e0}: 'java.lang.Object java.lang.invoke.DirectMethodHandle$Holder.invokeStaticInit(java.lang.Object, int, int, int, int)'> (0x00000007046cf1e0) 
thrown [s\open\src\hotspot\share\interpreter\linkResolver.cpp, line 759]
Event: 16.933 Thread 0x000002054fbbf710 Exception <a 'java/lang/NoSuchMethodError'{0x000000070478d060}: 'java.lang.Object java.lang.invoke.DirectMethodHandle$Holder.invokeStaticInit(java.lang.Object, java.lang.Object, int, int, int, int)'> (0x000000070478d060) 
thrown [s\open\src\hotspot\share\interpreter\linkResolver.cpp, line 759]
Event: 17.816 Thread 0x000002054fbbf710 Exception <a 'java/lang/NoSuchMethodError'{0x000000070e4ea2e0}: 'java.lang.Object java.lang.invoke.DirectMethodHandle$Holder.invokeSpecial(java.lang.Object, java.lang.Object, long, java.lang.Object, java.lang.Object, java.lang.Object, java.lang.Object, java.lang.Object, java.lang.Object)'> (0x000000070e4ea2e0) 
thrown [s\open\src\hotspot\share\interpreter\linkResolver.cpp, line 759]
Event: 17.818 Thread 0x000002054fbbf710 Exception <a 'java/lang/NoSuchMethodError'{0x000000070e4eee08}: 'java.lang.Object java.lang.invoke.DelegatingMethodHandle$Holder.reinvoke_L(java.lang.Object, long, java.lang.Object, java.lang.Object, java.lang.Object, java.lang.Object, java.lang.Object, java.lang.Object)'> (0x000000070e4eee08) 
thrown [s\open\src\hotspot\share\interpreter\linkResolver.cpp, line 759]
Event: 18.494 Thread 0x000002054fbbf710 Exception <a 'java/io/FileNotFoundException'{0x000000070e26b950}> (0x000000070e26b950) 
thrown [s\open\src\hotspot\share\prims\jni.cpp, line 516]
Event: 18.621 Thread 0x000002054fbbf710 Exception <a 'java/lang/NoSuchMethodError'{0x0000000704e0c3a0}: 'int java.lang.invoke.DirectMethodHandle$Holder.invokeInterface(java.lang.Object, java.lang.Object, java.lang.Object, java.lang.Object)'> (0x0000000704e0c3a0) 
thrown [s\open\src\hotspot\share\interpreter\linkResolver.cpp, line 759]
Event: 18.845 Thread 0x000002054fbbf710 Exception <a 'java/lang/NoSuchMethodError'{0x0000000704fffc20}: 'java.lang.Object java.lang.invoke.DirectMethodHandle$Holder.invokeStaticInit(java.lang.Object, java.lang.Object, java.lang.Object, java.lang.Object)'> (0x0000000704fffc20) 
thrown [s\open\src\hotspot\share\interpreter\linkResolver.cpp, line 759]
Event: 18.851 Thread 0x000002054fbbf710 Exception <a 'java/lang/IncompatibleClassChangeError'{0x0000000704c12858}: Found class java.lang.Object, but interface was expected> (0x0000000704c12858) 
thrown [s\open\src\hotspot\share\interpreter\linkResolver.cpp, line 826]
Event: 18.852 Thread 0x000002054fbbf710 Exception <a 'java/lang/IncompatibleClassChangeError'{0x0000000704c20050}: Found class java.lang.Object, but interface was expected> (0x0000000704c20050) 
thrown [s\open\src\hotspot\share\interpreter\linkResolver.cpp, line 826]
Event: 18.931 Thread 0x000002054fbbf710 Exception <a 'java/lang/IncompatibleClassChangeError'{0x0000000704c4e810}: Found class java.lang.Object, but interface was expected> (0x0000000704c4e810) 
thrown [s\open\src\hotspot\share\interpreter\linkResolver.cpp, line 826]
Event: 19.262 Thread 0x000002054fbbf710 Implicit null exception at 0x000002055f1c722d to 0x000002055f1c9054
Event: 19.599 Thread 0x000002054fbbf710 Exception <a 'java/lang/NoSuchMethodError'{0x0000000704840800}: 'java.lang.Object java.lang.invoke.DirectMethodHandle$Holder.invokeStatic(java.lang.Object, java.lang.Object, int, java.lang.Object)'> (0x0000000704840800) 
thrown [s\open\src\hotspot\share\interpreter\linkResolver.cpp, line 759]
Event: 19.600 Thread 0x000002054fbbf710 Exception <a 'java/lang/NoSuchMethodError'{0x0000000704847918}: 'java.lang.Object java.lang.invoke.DirectMethodHandle$Holder.newInvokeSpecial(java.lang.Object, java.lang.Object, int)'> (0x0000000704847918) 
thrown [s\open\src\hotspot\share\interpreter\linkResolver.cpp, line 759]
Event: 20.874 Thread 0x000002054fbbf710 Exception <a 'java/lang/NoSuchMethodError'{0x0000000704a7d1c8}: 'java.lang.Object java.lang.invoke.DirectMethodHandle$Holder.newInvokeSpecial(java.lang.Object, java.lang.Object, java.lang.Object, int, java.lang.Object, java.lang.Object)'> (0x0000000704a7d1c8) 
thrown [s\open\src\hotspot\share\interpreter\linkResolver.cpp, line 759]
Event: 22.795 Thread 0x000002054fbbf710 Exception <a 'java/lang/NoSuchMethodError'{0x00000007121f49b8}: 'long java.lang.invoke.DirectMethodHandle$Holder.invokeVirtual(java.lang.Object, java.lang.Object)'> (0x00000007121f49b8) 
thrown [s\open\src\hotspot\share\interpreter\linkResolver.cpp, line 759]
Event: 23.760 Thread 0x000002054fbbf710 Exception <a 'java/lang/NoSuchMethodError'{0x000000070e509858}: 'java.lang.Object java.lang.invoke.DirectMethodHandle$Holder.invokeSpecial(java.lang.Object, java.lang.Object, java.lang.Object, long, int)'> (0x000000070e509858) 
thrown [s\open\src\hotspot\share\interpreter\linkResolver.cpp, line 759]
Event: 29.128 Thread 0x000002054fbbf710 Exception <a 'java/lang/NoSuchMethodError'{0x00000007044b3808}: 'int java.lang.invoke.DirectMethodHandle$Holder.invokeStatic(java.lang.Object, java.lang.Object, java.lang.Object, java.lang.Object, java.lang.Object)'> (0x00000007044b3808) 
thrown [s\open\src\hotspot\share\interpreter\linkResolver.cpp, line 759]
Event: 29.507 Thread 0x000002054fbbf710 Exception <a 'java/lang/NoSuchMethodError'{0x00000007120e67b8}: 'void java.lang.invoke.DirectMethodHandle$Holder.invokeInterface(java.lang.Object, java.lang.Object)'> (0x00000007120e67b8) 
thrown [s\open\src\hotspot\share\interpreter\linkResolver.cpp, line 759]
Event: 32.428 Thread 0x000002054fbbf710 Exception <a 'sun/nio/fs/WindowsException'{0x0000000704d1aec8}> (0x0000000704d1aec8) 
thrown [s\open\src\hotspot\share\prims\jni.cpp, line 516]
Event: 33.420 Thread 0x000002054fbbf710 Implicit null exception at 0x000002055f163457 to 0x000002055f163714

VM Operations (20 events):
Event: 25.827 Executing VM operation: Cleanup
Event: 26.127 Executing VM operation: Cleanup done
Event: 26.211 Executing VM operation: HandshakeAllThreads
Event: 26.211 Executing VM operation: HandshakeAllThreads done
Event: 27.218 Executing VM operation: Cleanup
Event: 27.234 Executing VM operation: Cleanup done
Event: 28.248 Executing VM operation: Cleanup
Event: 28.377 Executing VM operation: Cleanup done
Event: 29.364 Executing VM operation: G1CollectForAllocation
Event: 29.378 Executing VM operation: G1CollectForAllocation done
Event: 30.387 Executing VM operation: Cleanup
Event: 30.387 Executing VM operation: Cleanup done
Event: 31.400 Executing VM operation: Cleanup
Event: 31.401 Executing VM operation: Cleanup done
Event: 31.863 Executing VM operation: HandshakeAllThreads
Event: 31.863 Executing VM operation: HandshakeAllThreads done
Event: 32.779 Executing VM operation: HandshakeAllThreads
Event: 32.779 Executing VM operation: HandshakeAllThreads done
Event: 32.779 Executing VM operation: Cleanup
Event: 32.779 Executing VM operation: Cleanup done

Events (20 events):
Event: 32.410 loading class com/sun/org/apache/xerces/internal/jaxp/datatype/DatatypeFactoryImpl
Event: 32.412 loading class com/sun/org/apache/xerces/internal/jaxp/datatype/DatatypeFactoryImpl done
Event: 32.426 loading class java/time/chrono/HijrahChronology
Event: 32.427 loading class java/time/chrono/HijrahChronology done
Event: 32.428 loading class java/time/chrono/MinguoChronology
Event: 32.429 loading class java/time/chrono/MinguoChronology done
Event: 32.429 loading class java/time/chrono/ThaiBuddhistChronology
Event: 32.429 loading class java/time/chrono/ThaiBuddhistChronology done
Event: 32.650 loading class java/time/zone/ZoneRulesException
Event: 32.731 loading class java/time/zone/ZoneRulesException done
Event: 33.222 loading class javax/xml/transform/TransformerFactory
Event: 33.223 loading class javax/xml/transform/TransformerFactory done
Event: 33.425 loading class java/util/stream/ReduceOps$5
Event: 33.425 loading class java/util/stream/ReduceOps$5 done
Event: 33.425 loading class java/util/stream/ReduceOps$CountingSink$OfRef
Event: 33.426 loading class java/util/stream/ReduceOps$CountingSink
Event: 33.426 loading class java/util/stream/ReduceOps$CountingSink done
Event: 33.426 loading class java/util/stream/ReduceOps$CountingSink$OfRef done
Event: 33.453 loading class java/util/ArrayList$SubList$1
Event: 33.459 loading class java/util/ArrayList$SubList$1 done


Dynamic libraries:
0x00007ff738240000 - 0x00007ff738250000 	C:\Program Files\Java\jdk-17\bin\java.exe
0x00007ffbfc870000 - 0x00007ffbfca68000 	C:\WINDOWS\SYSTEM32\ntdll.dll
0x00007ffbfbb80000 - 0x00007ffbfbc42000 	C:\WINDOWS\System32\KERNEL32.DLL
0x00007ffbf9f10000 - 0x00007ffbfa20e000 	C:\WINDOWS\System32\KERNELBASE.dll
0x00007ffbfa260000 - 0x00007ffbfa360000 	C:\WINDOWS\System32\ucrtbase.dll
0x00007ffbd3100000 - 0x00007ffbd311b000 	C:\Program Files\Java\jdk-17\bin\VCRUNTIME140.dll
0x00007ffbd3120000 - 0x00007ffbd3138000 	C:\Program Files\Java\jdk-17\bin\jli.dll
0x00007ffbfc6d0000 - 0x00007ffbfc781000 	C:\WINDOWS\System32\ADVAPI32.dll
0x00007ffbfc250000 - 0x00007ffbfc2ee000 	C:\WINDOWS\System32\msvcrt.dll
0x00007ffbfa890000 - 0x00007ffbfa92f000 	C:\WINDOWS\System32\sechost.dll
0x00007ffbfaf40000 - 0x00007ffbfb063000 	C:\WINDOWS\System32\RPCRT4.dll
0x00007ffbfa860000 - 0x00007ffbfa887000 	C:\WINDOWS\System32\bcrypt.dll
0x00007ffbfa930000 - 0x00007ffbfaacd000 	C:\WINDOWS\System32\USER32.dll
0x00007ffbe7920000 - 0x00007ffbe7bba000 	C:\WINDOWS\WinSxS\amd64_microsoft.windows.common-controls_6595b64144ccf1df_6.0.19041.4355_none_60b8b9eb71f62e16\COMCTL32.dll
0x00007ffbfa5e0000 - 0x00007ffbfa602000 	C:\WINDOWS\System32\win32u.dll
0x00007ffbfc2f0000 - 0x00007ffbfc31b000 	C:\WINDOWS\System32\GDI32.dll
0x00007ffbfa360000 - 0x00007ffbfa477000 	C:\WINDOWS\System32\gdi32full.dll
0x00007ffbfa6c0000 - 0x00007ffbfa75d000 	C:\WINDOWS\System32\msvcp_win.dll
0x00007ffbf18d0000 - 0x00007ffbf18da000 	C:\WINDOWS\SYSTEM32\VERSION.dll
0x00007ffbfb1c0000 - 0x00007ffbfb1ef000 	C:\WINDOWS\System32\IMM32.DLL
0x00007ffbdc150000 - 0x00007ffbdc15c000 	C:\Program Files\Java\jdk-17\bin\vcruntime140_1.dll
0x00007ffbc52a0000 - 0x00007ffbc532e000 	C:\Program Files\Java\jdk-17\bin\msvcp140.dll
0x00007ffb891a0000 - 0x00007ffb89d77000 	C:\Program Files\Java\jdk-17\bin\server\jvm.dll
0x00007ffbfbdd0000 - 0x00007ffbfbdd8000 	C:\WINDOWS\System32\PSAPI.DLL
0x00007ffbe0f20000 - 0x00007ffbe0f29000 	C:\WINDOWS\SYSTEM32\WSOCK32.dll
0x00007ffbfc3d0000 - 0x00007ffbfc43b000 	C:\WINDOWS\System32\WS2_32.dll
0x00007ffbe4780000 - 0x00007ffbe47a7000 	C:\WINDOWS\SYSTEM32\WINMM.dll
0x00007ffbf7d50000 - 0x00007ffbf7d62000 	C:\WINDOWS\SYSTEM32\kernel.appcore.dll
0x00007ffbd3250000 - 0x00007ffbd325a000 	C:\Program Files\Java\jdk-17\bin\jimage.dll
0x00007ffbe4810000 - 0x00007ffbe49f4000 	C:\WINDOWS\SYSTEM32\DBGHELP.DLL
0x00007ffbe45c0000 - 0x00007ffbe45f4000 	C:\WINDOWS\SYSTEM32\dbgcore.DLL
0x00007ffbfa760000 - 0x00007ffbfa7e2000 	C:\WINDOWS\System32\bcryptPrimitives.dll
0x00007ffbd30c0000 - 0x00007ffbd30ce000 	C:\Program Files\Java\jdk-17\bin\instrument.dll
0x00007ffbd30d0000 - 0x00007ffbd30f5000 	C:\Program Files\Java\jdk-17\bin\java.dll
0x00007ffbc4980000 - 0x00007ffbc4a57000 	C:\Program Files\Java\jdk-17\bin\jsvml.dll
0x00007ffbfb410000 - 0x00007ffbfbb7d000 	C:\WINDOWS\System32\SHELL32.dll
0x00007ffbf7f50000 - 0x00007ffbf86f4000 	C:\WINDOWS\SYSTEM32\windows.storage.dll
0x00007ffbfabe0000 - 0x00007ffbfaf33000 	C:\WINDOWS\System32\combase.dll
0x00007ffbf9860000 - 0x00007ffbf988e000 	C:\WINDOWS\SYSTEM32\Wldp.dll
0x00007ffbfc600000 - 0x00007ffbfc6cd000 	C:\WINDOWS\System32\OLEAUT32.dll
0x00007ffbfc320000 - 0x00007ffbfc3cd000 	C:\WINDOWS\System32\SHCORE.dll
0x00007ffbfaad0000 - 0x00007ffbfab25000 	C:\WINDOWS\System32\shlwapi.dll
0x00007ffbf9e40000 - 0x00007ffbf9e64000 	C:\WINDOWS\SYSTEM32\profapi.dll
0x00007ffbd2850000 - 0x00007ffbd2868000 	C:\Program Files\Java\jdk-17\bin\zip.dll
0x00007ffbd2830000 - 0x00007ffbd2849000 	C:\Program Files\Java\jdk-17\bin\net.dll
0x00007ffbf2710000 - 0x00007ffbf281d000 	C:\WINDOWS\SYSTEM32\WINHTTP.dll
0x00007ffbf9640000 - 0x00007ffbf96aa000 	C:\WINDOWS\system32\mswsock.dll
0x00007ffbd1150000 - 0x00007ffbd1166000 	C:\Program Files\Java\jdk-17\bin\nio.dll
0x00007ffbce050000 - 0x00007ffbce06a000 	C:\Program Files\JetBrains\IntelliJ IDEA Community Edition 2024.1.1\bin\breakgen64.dll
0x00007ffbf9340000 - 0x00007ffbf940a000 	C:\WINDOWS\SYSTEM32\DNSAPI.dll
0x00007ffbf92f0000 - 0x00007ffbf932b000 	C:\WINDOWS\SYSTEM32\IPHLPAPI.DLL
0x00007ffbfc820000 - 0x00007ffbfc828000 	C:\WINDOWS\System32\NSI.dll
0x00007ffbe9b30000 - 0x00007ffbe9b3a000 	C:\Windows\System32\rasadhlp.dll
0x00007ffbf23f0000 - 0x00007ffbf2470000 	C:\WINDOWS\System32\fwpuclnt.dll
0x00007ffbf2fd0000 - 0x00007ffbf2fe7000 	C:\WINDOWS\SYSTEM32\dhcpcsvc6.DLL
0x00007ffbf2fb0000 - 0x00007ffbf2fcd000 	C:\WINDOWS\SYSTEM32\dhcpcsvc.DLL
0x00007ffbcd740000 - 0x00007ffbcd74d000 	C:\Program Files\Java\jdk-17\bin\sunmscapi.dll
0x00007ffbfa480000 - 0x00007ffbfa5dc000 	C:\WINDOWS\System32\CRYPT32.dll
0x00007ffbf99b0000 - 0x00007ffbf99d7000 	C:\WINDOWS\SYSTEM32\ncrypt.dll
0x00007ffbf9970000 - 0x00007ffbf99ab000 	C:\WINDOWS\SYSTEM32\NTASN1.dll
0x00007ffbf98a0000 - 0x00007ffbf98b8000 	C:\WINDOWS\SYSTEM32\CRYPTSP.dll
0x00007ffbf8f10000 - 0x00007ffbf8f44000 	C:\WINDOWS\system32\rsaenh.dll
0x00007ffbf9dc0000 - 0x00007ffbf9dee000 	C:\WINDOWS\SYSTEM32\USERENV.dll
0x00007ffbf97d0000 - 0x00007ffbf97dc000 	C:\WINDOWS\SYSTEM32\CRYPTBASE.dll
0x00007ffbd10e0000 - 0x00007ffbd10ea000 	C:\Program Files\Java\jdk-17\bin\management.dll
0x00007ffbcd750000 - 0x00007ffbcd75b000 	C:\Program Files\Java\jdk-17\bin\management_ext.dll
0x00007ffbd2a40000 - 0x00007ffbd2a50000 	C:\Program Files\Java\jdk-17\bin\verify.dll

dbghelp: loaded successfully - version: 4.0.5 - missing functions: none
symbol engine: initialized successfully - sym options: 0x614 - pdb path: .;C:\Program Files\Java\jdk-17\bin;C:\WINDOWS\SYSTEM32;C:\WINDOWS\WinSxS\amd64_microsoft.windows.common-controls_6595b64144ccf1df_6.0.19041.4355_none_60b8b9eb71f62e16;C:\Program Files\Java\jdk-17\bin\server;C:\Program Files\JetBrains\IntelliJ IDEA Community Edition 2024.1.1\bin

VM Arguments:
jvm_args: -javaagent:C:\Program Files\JetBrains\IntelliJ IDEA Community Edition 2024.1.1\lib\idea_rt.jar=60758:C:\Program Files\JetBrains\IntelliJ IDEA Community Edition 2024.1.1\bin -Dfile.encoding=UTF-8 
java_command: com.cineflicks.discoveryserver.DiscoveryServerApplication
java_class_path (initial): C:\Users\T460\OneDrive\Bureau\CineFlicks\backend\discovery-server\target\classes;C:\Users\T460\.m2\repository\org\springframework\cloud\spring-cloud-starter-config\4.1.3\spring-cloud-starter-config-4.1.3.jar;C:\Users\T460\.m2\repository\org\springframework\cloud\spring-cloud-starter\4.1.4\spring-cloud-starter-4.1.4.jar;C:\Users\T460\.m2\repository\org\springframework\cloud\spring-cloud-context\4.1.4\spring-cloud-context-4.1.4.jar;C:\Users\T460\.m2\repository\org\springframework\security\spring-security-crypto\6.3.4\spring-security-crypto-6.3.4.jar;C:\Users\T460\.m2\repository\org\springframework\cloud\spring-cloud-commons\4.1.4\spring-cloud-commons-4.1.4.jar;C:\Users\T460\.m2\repository\org\springframework\security\spring-security-rsa\1.1.3\spring-security-rsa-1.1.3.jar;C:\Users\T460\.m2\repository\org\bouncycastle\bcprov-jdk18on\1.78\bcprov-jdk18on-1.78.jar;C:\Users\T460\.m2\repository\org\springframework\cloud\spring-cloud-config-client\4.1.3\spring-cloud-config-client-4.1.3.jar;C:\Users\T460\.m2\repository\org\springframework\boot\spring-boot-autoconfigure\3.3.5\spring-boot-autoconfigure-3.3.5.jar;C:\Users\T460\.m2\repository\org\springframework\spring-web\6.1.14\spring-web-6.1.14.jar;C:\Users\T460\.m2\repository\org\springframework\spring-beans\6.1.14\spring-beans-6.1.14.jar;C:\Users\T460\.m2\repository\io\micrometer\micrometer-observation\1.13.6\micrometer-observation-1.13.6.jar;C:\Users\T460\.m2\repository\io\micrometer\micrometer-commons\1.13.6\micrometer-commons-1.13.6.jar;C:\Users\T460\.m2\repository\com\fasterxml\jackson\core\jackson-annotations\2.17.2\jackson-annotations-2.17.2.jar;C:\Users\T460\.m2\repository\org\apache\httpcomponents\client5\httpclient5\5.3.1\httpclient5-5.3.1.jar;C:\Users\T460\.m2\repository\org\apache\httpcomponents\core5\httpcore5\5.2.5\httpcore5-5.2.5.jar;C:\Users\T460\.m2\repository\org\apache\httpcomponents\core5\httpcore5-h2\5.2.5\httpcore5-h2-5.2.5.jar;C:\Users\T460\.m2\repository\com\fasterxml\jacks
Launcher Type: SUN_STANDARD

[Global flags]
     intx CICompilerCount                          = 3                                         {product} {ergonomic}
     uint ConcGCThreads                            = 1                                         {product} {ergonomic}
     uint G1ConcRefinementThreads                  = 4                                         {product} {ergonomic}
   size_t G1HeapRegionSize                         = 2097152                                   {product} {ergonomic}
    uintx GCDrainStackTargetSize                   = 64                                        {product} {ergonomic}
   size_t InitialHeapSize                          = 266338304                                 {product} {ergonomic}
   size_t MarkStackSize                            = 4194304                                   {product} {ergonomic}
   size_t MaxHeapSize                              = 4257218560                                {product} {ergonomic}
   size_t MaxNewSize                               = 2554331136                                {product} {ergonomic}
   size_t MinHeapDeltaBytes                        = 2097152                                   {product} {ergonomic}
   size_t MinHeapSize                              = 8388608                                   {product} {ergonomic}
    uintx NonNMethodCodeHeapSize                   = 5832780                                {pd product} {ergonomic}
    uintx NonProfiledCodeHeapSize                  = 122912730                              {pd product} {ergonomic}
    uintx ProfiledCodeHeapSize                     = 122912730                              {pd product} {ergonomic}
    uintx ReservedCodeCacheSize                    = 251658240                              {pd product} {ergonomic}
     bool SegmentedCodeCache                       = true                                      {product} {ergonomic}
   size_t SoftMaxHeapSize                          = 4257218560                             {manageable} {ergonomic}
     bool UseCompressedClassPointers               = true                           {product lp64_product} {ergonomic}
     bool UseCompressedOops                        = true                           {product lp64_product} {ergonomic}
     bool UseG1GC                                  = true                                      {product} {ergonomic}
     bool UseLargePagesIndividualAllocation        = false                                  {pd product} {ergonomic}

Logging:
Log output configuration:
 #0: stdout all=warning uptime,level,tags
 #1: stderr all=off uptime,level,tags

Environment Variables:
JAVA_HOME=C:\Program Files\Java\jdk-17
PATH=C:\Program Files\Common Files\Oracle\Java\javapath;C:\Program Files (x86)\Common Files\Oracle\Java\java8path;C:\Program Files (x86)\Common Files\Oracle\Java\javapath;C:\Python310\Scripts\;C:\Python310\;C:\oracle\product\10.2.0\db_1\bin;C:\oraclexe\app\oracle\product\11.2.0\server\bin;C:\WINDOWS\system32;C:\WINDOWS;C:\WINDOWS\System32\Wbem;C:\WINDOWS\System32\WindowsPowerShell\v1.0\;C:\WINDOWS\System32\OpenSSH\;C:\ProgramData\chocolatey\bin;C:\Program Files (x86)\Dev-Cpp\MinGW64\bin;C:\GnuWin32\bin;C:\wamp64\bin\php\php7.4.26;C:\Program Files\Java\jdk1.8.0_202\bin;C:\gradle\gradle-7.4.2\bin;C:\Program Files\MariaDB 10.4\bin;C:\Program Files\dotnet\;C:\mongosh-1.7.0\bin;C:\Program Files\MongoDB\Server\6.0\bin;C:\Users\T460\dev\flutter\bin;C:\Users\T460\AppData\Local\Android\Sdk\cmdline-tools\bin;C:\Program Files\Java\jdk-1.8\bin;C:\Program Files\nodejs\;C:\Program Files\Java\jdk-11\bin;C:\Users\T460\AppData\Local\Pub\Cache\bin;C:\Program Files\MongoDB\Server\7.0\bin;C:\Program Files\Java\jdk-17;C:\Program Files\Docker\Docker\resources\bin;C:\Program Files\Git\cmd;C:\Program Files\Git LFS;C:\Program Files\PostgreSQL\16\bin;C:\Users\T460\AppData\Local\Programs\Python\Python312\Scripts\;C:\Users\T460\AppData\Local\Programs\Python\Python312\;C:\Users\T460\AppData\Local\Programs\Python\Launcher\;C:\dart-sdk\bin;C:\Users\T460\dev\flutter\bin;C:\Program Files\JetBrains\IntelliJ IDEA Community Edition 2022.3.2\bin;;C:\Users\T460\.dotnet\tools;C:\Program Files\Azure Data Studio\bin;C:\Users\T460\AppData\Local\Programs\Microsoft VS Code\bin;C:\Program Files\JetBrains\PyCharm Community Edition 2024.2.2\bin;;C:\Users\T460\AppData\Roaming\npm;
USERNAME=T460
OS=Windows_NT
PROCESSOR_IDENTIFIER=Intel64 Family 6 Model 78 Stepping 3, GenuineIntel



---------------  S Y S T E M  ---------------

OS:
 Windows 10 , 64 bit Build 19041 (10.0.19041.5072)
OS uptime: 5 days 2:08 hours
Hyper-V role detected

CPU: total 4 (initial active 4) (2 cores per cpu, 2 threads per core) family 6 model 78 stepping 3 microcode 0xcc, cx8, cmov, fxsr, ht, mmx, 3dnowpref, sse, sse2, sse3, ssse3, sse4.1, sse4.2, popcnt, lzcnt, tsc, tscinvbit, avx, avx2, aes, erms, clmul, bmi1, bmi2, rtm, adx, fma, vzeroupper, clflush, clflushopt, hv

Memory: 4k page, system-wide physical 16239M (280M free)
TotalPageFile size 46608M (AvailPageFile size 3M)
current process WorkingSet (physical memory assigned to process): 196M, peak: 227M
current process commit charge ("private bytes"): 226M, peak: 411M

vm_info: Java HotSpot(TM) 64-Bit Server VM (17.0.6+9-LTS-190) for windows-amd64 JRE (17.0.6+9-LTS-190), built on Dec  6 2022 15:53:54 by "mach5one" with MS VC++ 17.1 (VS2022)

END.
